2025-07-18 02:31:30,672 [INFO] Início do pipeline de pré-processamento
2025-07-18 02:31:30,672 [INFO] Limpando diretório data/processed
2025-07-18 02:31:30,682 [INFO] Carregando dados brutos...
2025-07-18 02:31:30,905 [INFO] prospects.json carregado com 53759 registros.
2025-07-18 02:31:36,911 [INFO] applicants.json carregado com 42482 registros.
2025-07-18 02:31:37,711 [INFO] vagas.json carregado com 14081 registros.
2025-07-18 02:31:37,758 [INFO] Aplicando pré-processamento...
2025-07-18 02:31:37,759 [INFO] Iniciando pré-processamento dos dados (applicant)
2025-07-18 02:31:38,152 [ERROR] Erro ao gerar embeddings (applicant): empty vocabulary; perhaps the documents only contain stop words
2025-07-18 02:31:38,192 [INFO] Pré-processamento concluído para applicant.
2025-07-18 02:31:38,195 [INFO] Iniciando pré-processamento dos dados (applicant)
2025-07-18 02:32:07,480 [INFO] Texto limpo na coluna: cv_pt
2025-07-18 02:32:07,552 [INFO] Texto limpo na coluna: cv_en
2025-07-18 02:32:28,104 [INFO] Embeddings TF-IDF gerados com sucesso para applicant.
2025-07-18 02:32:28,340 [INFO] Pré-processamento concluído para applicant.
2025-07-18 02:32:28,395 [INFO] Iniciando pré-processamento dos dados (vaga)
2025-07-18 02:32:31,472 [INFO] Embeddings TF-IDF gerados com sucesso para vaga.
2025-07-18 02:32:31,556 [INFO] Pré-processamento concluído para vaga.
2025-07-18 02:32:31,570 [INFO] Salvando arquivos processados em data/processed/
2025-07-18 02:32:31,789 [INFO] Dados salvos em 'data/processed\prospects_processed.csv'
2025-07-18 02:32:45,477 [INFO] Dados salvos em 'data/processed\applicants_processed.csv'
2025-07-18 02:32:49,231 [INFO] Dados salvos em 'data/processed\vagas_processed.csv'
2025-07-18 02:32:49,231 [INFO] Pipeline concluída com sucesso!
