2025-07-18 01:54:01,136 [INFO] Início do pipeline de pré-processamento
2025-07-18 01:54:01,136 [INFO] Limpando diretório data/processed
2025-07-18 01:54:01,140 [INFO] Carregando dados brutos...
2025-07-18 01:54:01,331 [INFO] prospects.json carregado com 53759 registros.
2025-07-18 01:54:06,672 [INFO] applicants.json carregado com 42482 registros.
2025-07-18 01:54:07,205 [INFO] vagas.json carregado com 14081 registros.
2025-07-18 01:54:07,222 [INFO] Aplicando pré-processamento...
2025-07-18 01:54:07,222 [INFO] Iniciando pré-processamento dos dados (applicant)
2025-07-18 01:54:07,432 [ERROR] Erro ao gerar embeddings (applicant): empty vocabulary; perhaps the documents only contain stop words
2025-07-18 01:54:07,454 [INFO] Pré-processamento concluído para applicant.
2025-07-18 01:54:07,454 [INFO] Iniciando pré-processamento dos dados (applicant)
2025-07-18 01:54:29,785 [INFO] Texto limpo na coluna: cv_pt
2025-07-18 01:54:29,833 [INFO] Texto limpo na coluna: cv_en
2025-07-18 01:54:49,518 [INFO] Embeddings TF-IDF gerados com sucesso para applicant.
2025-07-18 01:54:49,792 [INFO] Pré-processamento concluído para applicant.
2025-07-18 01:54:49,867 [INFO] Iniciando pré-processamento dos dados (vaga)
2025-07-18 01:54:49,947 [ERROR] Erro ao gerar embeddings (vaga): empty vocabulary; perhaps the documents only contain stop words
2025-07-18 01:54:50,059 [INFO] Pré-processamento concluído para vaga.
2025-07-18 01:54:50,059 [INFO] Salvando arquivos processados em data/processed/
2025-07-18 01:54:50,334 [INFO] Dados salvos em 'data/processed\prospects_processed.csv'
2025-07-18 01:55:05,363 [INFO] Dados salvos em 'data/processed\applicants_processed.csv'
2025-07-18 01:55:05,847 [INFO] Dados salvos em 'data/processed\vagas_processed.csv'
2025-07-18 01:55:05,848 [INFO] Pipeline concluída com sucesso!
