2025-07-18 01:28:50,427 [INFO] Início do pipeline de pré-processamento
2025-07-18 01:28:50,427 [INFO] Limpando diretório data/processed
2025-07-18 01:28:50,456 [INFO] Carregando dados brutos...
2025-07-18 01:28:50,688 [INFO] prospects.json carregado com 53759 registros.
2025-07-18 01:28:55,504 [INFO] applicants.json carregado com 42482 registros.
2025-07-18 01:28:55,991 [INFO] vagas.json carregado com 14081 registros.
2025-07-18 01:28:56,007 [INFO] Aplicando pré-processamento...
2025-07-18 01:28:56,007 [INFO] Iniciando pré-processamento dos dados (applicant)
2025-07-18 01:28:56,240 [ERROR] Erro ao gerar embeddings: empty vocabulary; perhaps the documents only contain stop words
2025-07-18 01:28:56,274 [INFO] Pré-processamento (applicant) concluído.
2025-07-18 01:28:56,280 [INFO] Iniciando pré-processamento dos dados (applicant)
2025-07-18 01:29:22,034 [INFO] Texto limpo na coluna: cv_pt
2025-07-18 01:29:22,076 [INFO] Texto limpo na coluna: cv_en
2025-07-18 01:29:41,443 [INFO] Embeddings TF-IDF gerados com sucesso.
2025-07-18 01:29:41,698 [INFO] Pré-processamento (applicant) concluído.
2025-07-18 01:29:41,748 [INFO] Iniciando pré-processamento dos dados (vaga)
2025-07-18 01:29:41,793 [ERROR] Erro ao gerar embeddings: empty vocabulary; perhaps the documents only contain stop words
2025-07-18 01:29:41,898 [INFO] Pré-processamento (vaga) concluído.
2025-07-18 01:29:41,898 [INFO] Salvando arquivos processados em data/processed/
2025-07-18 01:29:42,187 [INFO] Dados salvos em 'data/processed\prospects_processed.csv'
2025-07-18 01:29:58,812 [INFO] Dados salvos em 'data/processed\applicants_processed.csv'
2025-07-18 01:29:59,504 [INFO] Dados salvos em 'data/processed\vagas_processed.csv'
2025-07-18 01:29:59,504 [INFO] Pipeline concluída com sucesso!
