2025-07-17 23:26:27,089 [INFO] Início do pipeline de pré-processamento
2025-07-17 23:26:27,089 [INFO] Limpando diretório data/processed
2025-07-17 23:26:27,097 [INFO] Carregando dados brutos...
2025-07-17 23:26:27,361 [INFO] prospects.json carregado com 53759 registros.
2025-07-17 23:26:32,762 [INFO] applicants.json carregado com 42482 registros.
2025-07-17 23:26:33,246 [INFO] vagas.json carregado com 14081 registros.
2025-07-17 23:26:33,263 [INFO] Aplicando pré-processamento...
2025-07-17 23:26:33,264 [INFO] Iniciando pré-processamento dos dados
2025-07-17 23:26:33,485 [ERROR] Erro ao gerar embeddings: empty vocabulary; perhaps the documents only contain stop words
2025-07-17 23:26:33,512 [INFO] Pré-processamento concluído.
2025-07-17 23:26:33,517 [INFO] Iniciando pré-processamento dos dados
2025-07-17 23:26:56,709 [INFO] Texto limpo na coluna: cv_pt
2025-07-17 23:26:56,759 [INFO] Texto limpo na coluna: cv_en
2025-07-17 23:27:15,975 [INFO] Embeddings TF-IDF gerados com sucesso.
2025-07-17 23:27:16,216 [INFO] Pré-processamento concluído.
2025-07-17 23:27:16,277 [INFO] Iniciando pré-processamento dos dados
2025-07-17 23:27:16,343 [ERROR] Erro ao gerar embeddings: empty vocabulary; perhaps the documents only contain stop words
2025-07-17 23:27:16,423 [INFO] Pré-processamento concluído.
2025-07-17 23:27:16,423 [INFO] Salvando arquivos processados em data/processed/
2025-07-17 23:27:16,687 [INFO] Dados salvos em 'data/processed\prospects_processed.csv'
2025-07-17 23:27:34,188 [INFO] Dados salvos em 'data/processed\applicants_processed.csv'
2025-07-17 23:27:34,701 [INFO] Dados salvos em 'data/processed\vagas_processed.csv'
2025-07-17 23:27:34,701 [INFO] Pipeline concluída com sucesso!
