2025-07-18 01:49:48,480 [INFO] Início do pipeline de pré-processamento
2025-07-18 01:49:48,480 [INFO] Limpando diretório data/processed
2025-07-18 01:49:48,494 [INFO] Carregando dados brutos...
2025-07-18 01:49:48,722 [INFO] prospects.json carregado com 53759 registros.
2025-07-18 01:49:53,877 [INFO] applicants.json carregado com 42482 registros.
2025-07-18 01:49:54,336 [INFO] vagas.json carregado com 14081 registros.
2025-07-18 01:49:54,352 [INFO] Aplicando pré-processamento...
2025-07-18 01:49:54,352 [INFO] Iniciando pré-processamento dos dados (applicant)
2025-07-18 01:49:54,590 [ERROR] Erro ao gerar embeddings (applicant): empty vocabulary; perhaps the documents only contain stop words
2025-07-18 01:49:54,616 [INFO] Pré-processamento concluído para applicant.
2025-07-18 01:49:54,616 [INFO] Iniciando pré-processamento dos dados (applicant)
2025-07-18 01:50:16,196 [INFO] Texto limpo na coluna: cv_pt
2025-07-18 01:50:16,243 [INFO] Texto limpo na coluna: cv_en
2025-07-18 01:50:33,929 [INFO] Embeddings TF-IDF gerados com sucesso para applicant.
2025-07-18 01:50:34,150 [INFO] Pré-processamento concluído para applicant.
2025-07-18 01:50:34,208 [INFO] Iniciando pré-processamento dos dados (vaga)
2025-07-18 01:50:34,253 [ERROR] Erro ao gerar embeddings (vaga): empty vocabulary; perhaps the documents only contain stop words
2025-07-18 01:50:34,350 [INFO] Pré-processamento concluído para vaga.
2025-07-18 01:50:34,350 [INFO] Salvando arquivos processados em data/processed/
2025-07-18 01:50:34,587 [INFO] Dados salvos em 'data/processed\prospects_processed.csv'
2025-07-18 01:50:47,925 [INFO] Dados salvos em 'data/processed\applicants_processed.csv'
2025-07-18 01:50:48,378 [INFO] Dados salvos em 'data/processed\vagas_processed.csv'
2025-07-18 01:50:48,378 [INFO] Pipeline concluída com sucesso!
