2025-07-17 23:35:54,893 [INFO] Início do pipeline de pré-processamento
2025-07-17 23:35:54,893 [INFO] Limpando diretório data/processed
2025-07-17 23:35:54,929 [INFO] Carregando dados brutos...
2025-07-17 23:35:55,250 [INFO] prospects.json carregado com 53759 registros.
2025-07-17 23:36:01,847 [INFO] applicants.json carregado com 42482 registros.
2025-07-17 23:36:02,346 [INFO] vagas.json carregado com 14081 registros.
2025-07-17 23:36:02,368 [INFO] Aplicando pré-processamento...
2025-07-17 23:36:02,369 [INFO] Iniciando pré-processamento dos dados
2025-07-17 23:36:02,713 [ERROR] Erro ao gerar embeddings: empty vocabulary; perhaps the documents only contain stop words
2025-07-17 23:36:02,740 [INFO] Pré-processamento concluído.
2025-07-17 23:36:02,745 [INFO] Iniciando pré-processamento dos dados
2025-07-17 23:36:27,227 [INFO] Texto limpo na coluna: cv_pt
2025-07-17 23:36:27,279 [INFO] Texto limpo na coluna: cv_en
2025-07-17 23:36:56,481 [INFO] Embeddings TF-IDF gerados com sucesso.
2025-07-17 23:36:56,835 [INFO] Pré-processamento concluído.
2025-07-17 23:36:56,899 [INFO] Iniciando pré-processamento dos dados
2025-07-17 23:36:56,962 [ERROR] Erro ao gerar embeddings: empty vocabulary; perhaps the documents only contain stop words
2025-07-17 23:36:57,085 [INFO] Pré-processamento concluído.
2025-07-17 23:36:57,085 [INFO] Salvando arquivos processados em data/processed/
2025-07-17 23:36:57,642 [INFO] Dados salvos em 'data/processed\prospects_processed.csv'
2025-07-17 23:37:14,844 [INFO] Dados salvos em 'data/processed\applicants_processed.csv'
2025-07-17 23:37:15,325 [INFO] Dados salvos em 'data/processed\vagas_processed.csv'
2025-07-17 23:37:15,325 [INFO] Pipeline concluída com sucesso!
