2025-07-18 01:35:38,775 [INFO] Início do pipeline de pré-processamento
2025-07-18 01:35:38,777 [INFO] Limpando diretório data/processed
2025-07-18 01:35:38,788 [INFO] Carregando dados brutos...
2025-07-18 01:35:39,084 [INFO] prospects.json carregado com 53759 registros.
2025-07-18 01:35:46,440 [INFO] applicants.json carregado com 42482 registros.
2025-07-18 01:35:47,084 [INFO] vagas.json carregado com 14081 registros.
2025-07-18 01:35:47,109 [INFO] Aplicando pré-processamento...
2025-07-18 01:35:47,110 [INFO] Iniciando pré-processamento dos dados (applicant)
2025-07-18 01:35:47,425 [ERROR] Erro ao gerar embeddings (applicant): empty vocabulary; perhaps the documents only contain stop words
2025-07-18 01:35:47,457 [INFO] Pré-processamento concluído para applicant.
2025-07-18 01:35:47,457 [INFO] Iniciando pré-processamento dos dados (applicant)
2025-07-18 01:36:17,892 [INFO] Texto limpo na coluna: cv_pt
2025-07-18 01:36:17,938 [INFO] Texto limpo na coluna: cv_en
2025-07-18 01:36:36,734 [INFO] Embeddings TF-IDF gerados com sucesso para applicant.
2025-07-18 01:36:36,964 [INFO] Pré-processamento concluído para applicant.
2025-07-18 01:36:37,012 [INFO] Iniciando pré-processamento dos dados (vaga)
2025-07-18 01:36:37,077 [ERROR] Erro ao gerar embeddings (vaga): empty vocabulary; perhaps the documents only contain stop words
2025-07-18 01:36:37,171 [INFO] Pré-processamento concluído para vaga.
2025-07-18 01:36:37,171 [INFO] Salvando arquivos processados em data/processed/
2025-07-18 01:36:37,663 [INFO] Dados salvos em 'data/processed\prospects_processed.csv'
2025-07-18 01:36:50,761 [INFO] Dados salvos em 'data/processed\applicants_processed.csv'
2025-07-18 01:36:51,217 [INFO] Dados salvos em 'data/processed\vagas_processed.csv'
2025-07-18 01:36:51,217 [INFO] Pipeline concluída com sucesso!
