2025-07-18 01:57:34,977 [INFO] Início do pipeline de pré-processamento
2025-07-18 01:57:34,980 [INFO] Limpando diretório data/processed
2025-07-18 01:57:34,986 [INFO] Carregando dados brutos...
2025-07-18 01:57:35,216 [INFO] prospects.json carregado com 53759 registros.
2025-07-18 01:57:39,778 [INFO] applicants.json carregado com 42482 registros.
2025-07-18 01:57:40,186 [INFO] vagas.json carregado com 14081 registros.
2025-07-18 01:57:40,202 [INFO] Aplicando pré-processamento...
2025-07-18 01:57:40,202 [INFO] Iniciando pré-processamento dos dados (applicant)
2025-07-18 01:57:40,434 [ERROR] Erro ao gerar embeddings (applicant): empty vocabulary; perhaps the documents only contain stop words
2025-07-18 01:57:40,457 [INFO] Pré-processamento concluído para applicant.
2025-07-18 01:57:40,466 [INFO] Iniciando pré-processamento dos dados (applicant)
2025-07-18 01:58:00,897 [INFO] Texto limpo na coluna: cv_pt
2025-07-18 01:58:00,942 [INFO] Texto limpo na coluna: cv_en
2025-07-18 01:58:18,173 [INFO] Embeddings TF-IDF gerados com sucesso para applicant.
2025-07-18 01:58:18,389 [INFO] Pré-processamento concluído para applicant.
2025-07-18 01:58:18,438 [INFO] Iniciando pré-processamento dos dados (vaga)
2025-07-18 01:58:18,490 [ERROR] Erro ao gerar embeddings (vaga): empty vocabulary; perhaps the documents only contain stop words
2025-07-18 01:58:18,577 [INFO] Pré-processamento concluído para vaga.
2025-07-18 01:58:18,578 [INFO] Salvando arquivos processados em data/processed/
2025-07-18 01:58:18,794 [INFO] Dados salvos em 'data/processed\prospects_processed.csv'
2025-07-18 01:58:31,872 [INFO] Dados salvos em 'data/processed\applicants_processed.csv'
2025-07-18 01:58:32,293 [INFO] Dados salvos em 'data/processed\vagas_processed.csv'
2025-07-18 01:58:32,293 [INFO] Pipeline concluída com sucesso!
